<?xml version="1.0" encoding="UTF-8"?>
<testsuite name="com.spring.test.Test" tests="1" skipped="0" failures="0" errors="0" timestamp="2021-01-07T11:40:16" hostname="LAPTOP-4LN369QN" time="599.386">
  <properties/>
  <testcase name="test" classname="com.spring.test.Test" time="599.386"/>
  <system-out><![CDATA[=====text/plain
com.spring.service.A@59b917ae
]]></system-out>
  <system-err><![CDATA[ScriptEngineManager providers.next(): javax.script.ScriptEngineFactory: Provider org.jetbrains.kotlin.script.jsr223.KotlinJsr223JvmLocalScriptEngineFactory not found
ScriptEngineManager providers.next(): javax.script.ScriptEngineFactory: Provider org.jetbrains.kotlin.script.jsr223.KotlinJsr223JvmLocalScriptEngineFactory not found
]]></system-err>
</testsuite>
